<?xml version="1.0" encoding="UTF-8"?>
<TestRun id="c636db87-6fc6-479f-9afd-4ce03fb6d5f5" name="bradyxiao@BRADYXIAO-PC0 2018-11-02 20:02:00" runUser="TENCENT\bradyxiao" xmlns="http://microsoft.com/schemas/VisualStudio/TeamTest/2010">
  <TestSettings name="Local" id="2a6cf65a-9a1b-42b1-b9df-fd391601b03f">
    <Description>These are default test settings for a local test run.</Description>
    <Deployment enabled="false" runDeploymentRoot="bradyxiao_BRADYXIAO-PC0 2018-11-02 20_02_00">
      <DeploymentItem filename="E:\TencentWork\C#_Terminate\COSXML\COSXML\bin\Debug\COSXML.dll" />
    </Deployment>
    <Execution>
      <TestTypeSpecific />
      <AgentRule name="Execution Agents">
      </AgentRule>
    </Execution>
  </TestSettings>
  <Times creation="2018-11-02T20:02:00.9609253+08:00" queuing="2018-11-02T20:02:01.7400032+08:00" start="2018-11-02T20:02:01.7670059+08:00" finish="2018-11-02T20:02:02.2090501+08:00" />
  <ResultSummary outcome="Failed">
    <Counters total="1" executed="1" error="0" failed="1" timeout="0" aborted="0" inconclusive="0" passedButRunAborted="0" notRunnable="0" notExecuted="0" disconnected="0" warning="0" passed="0" completed="0" inProgress="0" pending="0" />
  </ResultSummary>
  <TestDefinitions>
    <UnitTest name="GetResultInfoTest" storage="e:\tencentwork\c#_terminate\cosxml\cosxmltest\bin\debug\cosxmltest.dll" id="67b7ef78-2a27-cbd1-be7f-9820e0e89cb7">
      <Execution id="f44bc8f5-f9a1-4375-9620-8e777ed44825" />
      <TestMethod codeBase="E:/TencentWork/C#_Terminate/COSXML/COSXMLTest/bin/Debug/COSXMLTest.DLL" adapterTypeName="Microsoft.VisualStudio.TestTools.TestTypes.Unit.UnitTestAdapter, Microsoft.VisualStudio.QualityTools.Tips.UnitTest.Adapter, Version=10.0.0.0, Culture=neutral, PublicKeyToken=b03f5f7f11d50a3a" className="COSXMLTest.GetServiceResultTest, COSXMLTest, Version=1.0.0.0, Culture=neutral, PublicKeyToken=null" name="GetResultInfoTest" />
    </UnitTest>
  </TestDefinitions>
  <TestLists>
    <TestList name="Results Not in a List" id="8c84fa94-04c1-424b-9868-57a2d4851a1d" />
    <TestList name="All Loaded Results" id="19431567-8539-422a-85d7-44ee4e166bda" />
  </TestLists>
  <TestEntries>
    <TestEntry testId="67b7ef78-2a27-cbd1-be7f-9820e0e89cb7" executionId="f44bc8f5-f9a1-4375-9620-8e777ed44825" testListId="8c84fa94-04c1-424b-9868-57a2d4851a1d" />
  </TestEntries>
  <Results>
    <UnitTestResult executionId="f44bc8f5-f9a1-4375-9620-8e777ed44825" testId="67b7ef78-2a27-cbd1-be7f-9820e0e89cb7" testName="GetResultInfoTest" computerName="BRADYXIAO-PC0" duration="00:00:00.0454427" startTime="2018-11-02T20:02:01.7840076+08:00" endTime="2018-11-02T20:02:02.1860478+08:00" testType="13cdc9d9-ddb5-4fa4-a97d-d965ccfc6d4b" outcome="Failed" testListId="8c84fa94-04c1-424b-9868-57a2d4851a1d" relativeResultsDirectory="f44bc8f5-f9a1-4375-9620-8e777ed44825">
      <Output>
        <ErrorInfo>
          <Message>Assert.AreEqual failed. Expected:&lt;&gt;. Actual:&lt;0 
&gt;. </Message>
          <StackTrace>   在 COSXMLTest.GetServiceResultTest.GetResultInfoTest() 位置 E:\TencentWork\C#_Terminate\COSXML\COSXMLTest\GetServiceResultTest.cs:行号 88
</StackTrace>
        </ErrorInfo>
      </Output>
    </UnitTestResult>
  </Results>
</TestRun>