<?xml version="1.0" encoding="UTF-8"?>
<TestRun id="6d978e50-29c3-401f-8612-fc9a02373192" name="Hasee@BRADYXIAO 2018-11-04 00:04:01" runUser="BRADYXIAO\Hasee" xmlns="http://microsoft.com/schemas/VisualStudio/TeamTest/2010">
  <TestSettings name="Local" id="2a6cf65a-9a1b-42b1-b9df-fd391601b03f">
    <Description>These are default test settings for a local test run.</Description>
    <Deployment enabled="false" runDeploymentRoot="Hasee_BRADYXIAO 2018-11-04 00_04_01">
      <DeploymentItem filename="E:\gitHub\C#_COS\COSXML\bin\Debug\COSXML.dll" />
    </Deployment>
    <Execution>
      <TestTypeSpecific />
      <AgentRule name="Execution Agents">
      </AgentRule>
    </Execution>
  </TestSettings>
  <Times creation="2018-11-04T00:04:01.3394635+08:00" queuing="2018-11-04T00:04:01.3554206+08:00" start="2018-11-04T00:04:01.3624021+08:00" finish="2018-11-04T00:04:01.8331427+08:00" />
  <ResultSummary outcome="Failed">
    <Counters total="1" executed="1" error="0" failed="1" timeout="0" aborted="0" inconclusive="0" passedButRunAborted="0" notRunnable="0" notExecuted="0" disconnected="0" warning="0" passed="0" completed="0" inProgress="0" pending="0" />
  </ResultSummary>
  <TestDefinitions>
    <UnitTest name="testParse" storage="e:\github\c#_cos\cosxmltest\bin\debug\cosxmltest.dll" id="fd49ef29-1907-9104-0433-61e93b6d4803">
      <Execution id="d65a91eb-4d42-49f1-b93f-792f235efac5" />
      <TestMethod codeBase="E:/gitHub/C#_COS/COSXMLTest/bin/Debug/COSXMLTest.DLL" adapterTypeName="Microsoft.VisualStudio.TestTools.TestTypes.Unit.UnitTestAdapter, Microsoft.VisualStudio.QualityTools.Tips.UnitTest.Adapter, Version=10.0.0.0, Culture=neutral, PublicKeyToken=b03f5f7f11d50a3a" className="COSXMLTest.ListAllMyBucketsTest, COSXMLTest, Version=1.0.0.0, Culture=neutral, PublicKeyToken=null" name="testParse" />
    </UnitTest>
  </TestDefinitions>
  <TestLists>
    <TestList name="Results Not in a List" id="8c84fa94-04c1-424b-9868-57a2d4851a1d" />
    <TestList name="All Loaded Results" id="19431567-8539-422a-85d7-44ee4e166bda" />
  </TestLists>
  <TestEntries>
    <TestEntry testId="fd49ef29-1907-9104-0433-61e93b6d4803" executionId="d65a91eb-4d42-49f1-b93f-792f235efac5" testListId="8c84fa94-04c1-424b-9868-57a2d4851a1d" />
  </TestEntries>
  <Results>
    <UnitTestResult executionId="d65a91eb-4d42-49f1-b93f-792f235efac5" testId="fd49ef29-1907-9104-0433-61e93b6d4803" testName="testParse" computerName="BRADYXIAO" duration="00:00:00.0268688" startTime="2018-11-04T00:04:01.3663914+08:00" endTime="2018-11-04T00:04:01.8221914+08:00" testType="13cdc9d9-ddb5-4fa4-a97d-d965ccfc6d4b" outcome="Failed" testListId="8c84fa94-04c1-424b-9868-57a2d4851a1d" relativeResultsDirectory="d65a91eb-4d42-49f1-b93f-792f235efac5">
      <Output>
        <ErrorInfo>
          <Message>Assert.AreEqual failed. Expected:&lt;4&gt;. Actual:&lt;3&gt;. </Message>
          <StackTrace>   在 COSXMLTest.ListAllMyBucketsTest.testParse() 位置 E:\gitHub\C#_COS\COSXMLTest\ListAllMyBucketsTest.cs:行号 127
</StackTrace>
        </ErrorInfo>
      </Output>
    </UnitTestResult>
  </Results>
</TestRun>