<?xml version="1.0" encoding="UTF-8"?>
<TestRun id="c0ef13b1-6648-4929-9090-02fd296321c7" name="Hasee@BRADYXIAO 2018-11-03 23:53:57" runUser="BRADYXIAO\Hasee" xmlns="http://microsoft.com/schemas/VisualStudio/TeamTest/2010">
  <TestSettings name="Local" id="2a6cf65a-9a1b-42b1-b9df-fd391601b03f">
    <Description>These are default test settings for a local test run.</Description>
    <Deployment enabled="false" runDeploymentRoot="Hasee_BRADYXIAO 2018-11-03 23_53_57">
      <DeploymentItem filename="E:\gitHub\C#_COS\COSXML\bin\Debug\COSXML.dll" />
    </Deployment>
    <Execution>
      <TestTypeSpecific />
      <AgentRule name="Execution Agents">
      </AgentRule>
    </Execution>
  </TestSettings>
  <Times creation="2018-11-03T23:53:57.8694646+08:00" queuing="2018-11-03T23:53:59.2717744+08:00" start="2018-11-03T23:53:59.4323131+08:00" finish="2018-11-03T23:54:00.0419284+08:00" />
  <ResultSummary outcome="Failed">
    <Counters total="1" executed="1" error="0" failed="1" timeout="0" aborted="0" inconclusive="0" passedButRunAborted="0" notRunnable="0" notExecuted="0" disconnected="0" warning="0" passed="0" completed="0" inProgress="0" pending="0" />
  </ResultSummary>
  <TestDefinitions>
    <UnitTest name="testParse" storage="e:\github\c#_cos\cosxmltest\bin\debug\cosxmltest.dll" id="fd49ef29-1907-9104-0433-61e93b6d4803">
      <Execution id="f6059d9f-276e-4ae1-9d3b-493e3b3f6add" />
      <TestMethod codeBase="E:/gitHub/C#_COS/COSXMLTest/bin/Debug/COSXMLTest.DLL" adapterTypeName="Microsoft.VisualStudio.TestTools.TestTypes.Unit.UnitTestAdapter, Microsoft.VisualStudio.QualityTools.Tips.UnitTest.Adapter, Version=10.0.0.0, Culture=neutral, PublicKeyToken=b03f5f7f11d50a3a" className="COSXMLTest.ListAllMyBucketsTest, COSXMLTest, Version=1.0.0.0, Culture=neutral, PublicKeyToken=null" name="testParse" />
    </UnitTest>
  </TestDefinitions>
  <TestLists>
    <TestList name="Results Not in a List" id="8c84fa94-04c1-424b-9868-57a2d4851a1d" />
    <TestList name="All Loaded Results" id="19431567-8539-422a-85d7-44ee4e166bda" />
  </TestLists>
  <TestEntries>
    <TestEntry testId="fd49ef29-1907-9104-0433-61e93b6d4803" executionId="f6059d9f-276e-4ae1-9d3b-493e3b3f6add" testListId="8c84fa94-04c1-424b-9868-57a2d4851a1d" />
  </TestEntries>
  <Results>
    <UnitTestResult executionId="f6059d9f-276e-4ae1-9d3b-493e3b3f6add" testId="fd49ef29-1907-9104-0433-61e93b6d4803" testName="testParse" computerName="BRADYXIAO" duration="00:00:00.0645107" startTime="2018-11-03T23:53:59.4861684+08:00" endTime="2018-11-03T23:53:59.9501767+08:00" testType="13cdc9d9-ddb5-4fa4-a97d-d965ccfc6d4b" outcome="Failed" testListId="8c84fa94-04c1-424b-9868-57a2d4851a1d" relativeResultsDirectory="f6059d9f-276e-4ae1-9d3b-493e3b3f6add">
      <Output>
        <StdOut>{ListAllMyBuckets:
{Owner:
ID:qcs::cam::uin/1147518609:uin/1147518609
DisPlayName:1147518609
}
Buckets:
{Bucket:
Name:01
Location:ap-beijing
CreateDate:2016-09-13 15:20:15
}
{Bucket:
Name:0111
Location:ap-hongkong
CreateDate:2017-01-11 17:23:51
}
{Bucket:
Name:1201new
Location:eu-frankfurt
CreateDate:2016-12-01 09:45:02
}
}
}</StdOut>
        <ErrorInfo>
          <Message>Test method COSXMLTest.ListAllMyBucketsTest.testParse threw exception: 
System.InvalidOperationException: 如果应用程序没有控制台或控制台输入已通过文件进行了重定向，则无法读取键。请尝试使用 Console.Read。</Message>
          <StackTrace>    在 System.Console.ReadKey(Boolean intercept)
   在 System.Console.ReadKey()
   在 COSXMLTest.ListAllMyBucketsTest.testParse() 位置 E:\gitHub\C#_COS\COSXMLTest\ListAllMyBucketsTest.cs:行号 126
</StackTrace>
        </ErrorInfo>
      </Output>
    </UnitTestResult>
  </Results>
</TestRun>