<?xml version="1.0" encoding="UTF-8"?>
<TestRun id="cab0faac-de29-43ed-bdbb-db8cf6dd8545" name="Hasee@BRADYXIAO 2018-11-03 23:56:34" runUser="BRADYXIAO\Hasee" xmlns="http://microsoft.com/schemas/VisualStudio/TeamTest/2010">
  <TestSettings name="Local" id="2a6cf65a-9a1b-42b1-b9df-fd391601b03f">
    <Description>These are default test settings for a local test run.</Description>
    <Deployment enabled="false" runDeploymentRoot="Hasee_BRADYXIAO 2018-11-03 23_56_34">
      <DeploymentItem filename="E:\gitHub\C#_COS\COSXML\bin\Debug\COSXML.dll" />
    </Deployment>
    <Execution>
      <TestTypeSpecific />
      <AgentRule name="Execution Agents">
      </AgentRule>
    </Execution>
  </TestSettings>
  <Times creation="2018-11-03T23:56:34.6629143+08:00" queuing="2018-11-03T23:56:34.6798676+08:00" start="2018-11-03T23:56:34.6888439+08:00" finish="2018-11-03T23:56:35.1476168+08:00" />
  <ResultSummary outcome="Completed">
    <Counters total="1" executed="1" passed="1" error="0" failed="0" timeout="0" aborted="0" inconclusive="0" passedButRunAborted="0" notRunnable="0" notExecuted="0" disconnected="0" warning="0" completed="0" inProgress="0" pending="0" />
  </ResultSummary>
  <TestDefinitions>
    <UnitTest name="testParse" storage="e:\github\c#_cos\cosxmltest\bin\debug\cosxmltest.dll" id="fd49ef29-1907-9104-0433-61e93b6d4803">
      <Execution id="b2063ec7-c7c9-4193-95a3-5fe9bf648583" />
      <TestMethod codeBase="E:/gitHub/C#_COS/COSXMLTest/bin/Debug/COSXMLTest.DLL" adapterTypeName="Microsoft.VisualStudio.TestTools.TestTypes.Unit.UnitTestAdapter, Microsoft.VisualStudio.QualityTools.Tips.UnitTest.Adapter, Version=10.0.0.0, Culture=neutral, PublicKeyToken=b03f5f7f11d50a3a" className="COSXMLTest.ListAllMyBucketsTest, COSXMLTest, Version=1.0.0.0, Culture=neutral, PublicKeyToken=null" name="testParse" />
    </UnitTest>
  </TestDefinitions>
  <TestLists>
    <TestList name="Results Not in a List" id="8c84fa94-04c1-424b-9868-57a2d4851a1d" />
    <TestList name="All Loaded Results" id="19431567-8539-422a-85d7-44ee4e166bda" />
  </TestLists>
  <TestEntries>
    <TestEntry testId="fd49ef29-1907-9104-0433-61e93b6d4803" executionId="b2063ec7-c7c9-4193-95a3-5fe9bf648583" testListId="8c84fa94-04c1-424b-9868-57a2d4851a1d" />
  </TestEntries>
  <Results>
    <UnitTestResult executionId="b2063ec7-c7c9-4193-95a3-5fe9bf648583" testId="fd49ef29-1907-9104-0433-61e93b6d4803" testName="testParse" computerName="BRADYXIAO" duration="00:00:00.0163743" startTime="2018-11-03T23:56:34.6928367+08:00" endTime="2018-11-03T23:56:35.1356486+08:00" testType="13cdc9d9-ddb5-4fa4-a97d-d965ccfc6d4b" outcome="Passed" testListId="8c84fa94-04c1-424b-9868-57a2d4851a1d" relativeResultsDirectory="b2063ec7-c7c9-4193-95a3-5fe9bf648583">
      <Output>
        <DebugTrace>2018-11-03 23:56:35.120 27-6100/QTAgent32 D/XIAO: {ListAllMyBuckets:
{Owner:
ID:qcs::cam::uin/1147518609:uin/1147518609
DisPlayName:1147518609
}
Buckets:
{Bucket:
Name:01
Location:ap-beijing
CreateDate:2016-09-13 15:20:15
}
{Bucket:
Name:0111
Location:ap-hongkong
CreateDate:2017-01-11 17:23:51
}
{Bucket:
Name:1201new
Location:eu-frankfurt
CreateDate:2016-12-01 09:45:02
}
}
}
</DebugTrace>
      </Output>
    </UnitTestResult>
  </Results>
</TestRun>